<?xml version="1.0" encoding="UTF-8"?>
<testsuite xmlns:xsi="http://www.w3.org/2001/XMLSchema-instance" xsi:noNamespaceSchemaLocation="https://maven.apache.org/surefire/maven-surefire-plugin/xsd/surefire-test-report-3.0.xsd" version="3.0" name="com.mycompany.inventorycontrolsystem.LoginControllerTest" time="2.304" tests="8" errors="0" skipped="0" failures="0">
  <properties>
[...]
</properties>
  <testcase name="testHashIsNotPlainText" classname="com.mycompany.inventorycontrolsystem.LoginControllerTest" time="0.261"/>
  <testcase name="testCorrectPasswordVerifies" classname="com.mycompany.inventorycontrolsystem.LoginControllerTest" time="0.466"/>
  <testcase name="testNullPasswordReturnsFalse" classname="com.mycompany.inventorycontrolsystem.LoginControllerTest" time="0.22"/>
  <testcase name="testHashesAreSalted" classname="com.mycompany.inventorycontrolsystem.LoginControllerTest" time="0.902"/>
  <testcase name="testAuthExceptionMessage" classname="com.mycompany.inventorycontrolsystem.LoginControllerTest" time="0.001"/>
  <testcase name="testLegacyHashReturnsFalse" classname="com.mycompany.inventorycontrolsystem.LoginControllerTest" time="0.0"/>
  <testcase name="testNullHashReturnsFalse" classname="com.mycompany.inventorycontrolsystem.LoginControllerTest" time="0.0"/>
  <testcase name="testWrongPasswordFails" classname="com.mycompany.inventorycontrolsystem.LoginControllerTest" time="0.446"/>
</testsuite>